<?xml version="1.0" encoding="UTF-8"?>
<!-- Generated by org.testng.reporters.JUnitReportReporter -->
<testsuite hostname="Bhartis-MBP.attlocal.net" failures="0" tests="1" name="LaunchGoogle.MouseHover" time="7.722" errors="0" timestamp="2022-05-11T13:08:11 PDT" skipped="0">
  <testcase classname="LaunchGoogle.MouseHover" name="setUp" time="7.722"/>
  <system-out/>
</testsuite> <!-- LaunchGoogle.MouseHover -->
