<?xml version="1.0" encoding="UTF-8"?>
<!-- Generated by org.testng.reporters.JUnitReportReporter -->
<testsuite hostname="Bhartis-MBP.attlocal.net" failures="0" tests="1" name="LaunchGoogle.MouseMovementHandling" time="5.555" errors="0" timestamp="2022-03-18T09:28:58 PDT" skipped="0">
  <testcase classname="LaunchGoogle.MouseMovementHandling" name="setUp" time="5.555"/>
  <system-out/>
</testsuite> <!-- LaunchGoogle.MouseMovementHandling -->
