<?xml version="1.0" encoding="UTF-8"?>
<!-- Generated by org.testng.reporters.JUnitReportReporter -->
<testsuite hostname="Bhartis-MBP.attlocal.net" failures="0" tests="1" name="LaunchGoogle.SwitchTo" time="10.307" errors="0" timestamp="2022-03-11T13:26:49 PST" skipped="0">
  <testcase classname="LaunchGoogle.SwitchTo" name="setUp" time="10.307"/>
  <system-out/>
</testsuite> <!-- LaunchGoogle.SwitchTo -->
