<?xml version="1.0" encoding="UTF-8"?>
<!-- Generated by org.testng.reporters.JUnitReportReporter -->
<testsuite hostname="Bhartis-MBP.attlocal.net" failures="0" tests="1" name="LaunchGoogle.AlertPopUpHandle" time="6.837" errors="0" timestamp="2022-05-11T13:17:04 PDT" skipped="0">
  <testcase classname="LaunchGoogle.AlertPopUpHandle" name="setUp" time="6.837"/>
  <system-out/>
</testsuite> <!-- LaunchGoogle.AlertPopUpHandle -->
